<?xml version="1.0" encoding="UTF-8"?>
<!-- Generated by org.testng.reporters.JUnitXMLReporter -->
<testsuite ignored="0" hostname="LTIN620077" failures="0" tests="3" name="Test" time="144.193" errors="0" timestamp="2025-07-16T13:56:07 IST">
  <testcase classname="testCases.T001_homePage" name="getResult" time="57.972"/>
  <testcase classname="testCases.T002_GetTopCities" name="getTopCities" time="5.921"/>
  <testcase classname="testCases.T003_corporateWellness" name="fillDetails" time="26.84"/>
</testsuite> <!-- Test -->
