<?xml version="1.0" encoding="UTF-8"?>
<!-- Generated by org.testng.reporters.JUnitXMLReporter -->
<testsuite ignored="0" hostname="LTIN620077" failures="0" tests="4" name="Test" time="131.314" errors="0" timestamp="2025-07-04T09:25:47 IST">
  <testcase classname="testCases.TC00X_GetTopCities" name="getTopCities" time="4.086"/>
  <testcase classname="testCases.TC00X_WriteExcelTopCities" name="writeExcelData" time="2.612"/>
  <testcase classname="testCases.T001_homePage" name="getResult" time="53.695"/>
  <testcase classname="testCases.T003_corporateWellness" name="fillDetails" time="6.938"/>
</testsuite> <!-- Test -->
