<?xml version="1.0" encoding="UTF-8"?>
<testng-results ignored="0" total="1" passed="1" failed="0" skipped="0">
  <reporter-output>
  </reporter-output>
  <suite started-at="2025-07-03T10:55:19 IST" name="Default suite" finished-at="2025-07-03T10:55:46 IST" duration-ms="26667">
    <groups>
    </groups>
    <test started-at="2025-07-03T10:55:19 IST" name="Default test" finished-at="2025-07-03T10:55:46 IST" duration-ms="26667">
      <class name="testCases.T003_corporateWellness">
        <test-method is-config="true" signature="setup()[pri:0, instance:testCases.T003_corporateWellness@385c9627]" started-at="2025-07-03T10:55:19 IST" name="setup" finished-at="2025-07-03T10:55:32 IST" duration-ms="13577" status="PASS">
          <reporter-output>
          </reporter-output>
        </test-method> <!-- setup -->
        <test-method signature="fillDetails()[pri:0, instance:testCases.T003_corporateWellness@385c9627]" started-at="2025-07-03T10:55:33 IST" name="fillDetails" finished-at="2025-07-03T10:55:41 IST" duration-ms="8174" status="PASS">
          <reporter-output>
          </reporter-output>
        </test-method> <!-- fillDetails -->
        <test-method is-config="true" signature="tearDown()[pri:0, instance:testCases.T003_corporateWellness@385c9627]" started-at="2025-07-03T10:55:41 IST" name="tearDown" finished-at="2025-07-03T10:55:46 IST" duration-ms="4837" status="PASS">
          <reporter-output>
          </reporter-output>
        </test-method> <!-- tearDown -->
      </class> <!-- testCases.T003_corporateWellness -->
    </test> <!-- Default test -->
  </suite> <!-- Default suite -->
</testng-results>
